<?xml version="1.0" encoding="UTF-8"?>
<!-- Generated by org.testng.reporters.JUnitReportReporter -->
<testsuite hostname="QSP" failures="0" tests="1" name="demoproject.Test0" time="0.042" errors="0" timestamp="2021-09-28T18:03:46 IST" skipped="0">
  <testcase classname="demoproject.Test0" name="tc1" time="0.042"/>
</testsuite> <!-- demoproject.Test0 -->
